This file contains any messages produced by compilers while
running configure, to aid debugging if configure makes a mistake.

It was created by configure, which was
generated by GNU Autoconf 2.69.  Invocation command line was

  $ ./configure --host=x86_64-w64-mingw32 --prefix=/c/projetos/sqliteodbc_sqlcipher/_inst --enable-shared --disable-static

## --------- ##
## Platform. ##
## --------- ##

hostname = NTB-65503
uname -m = x86_64
uname -r = 3.6.4-dea57136.x86_64
uname -s = MINGW64_NT-10.0-19045
uname -v = 2025-09-22 06:28 UTC

/usr/bin/uname -p = unknown
/bin/uname -X     = unknown

/bin/arch              = x86_64
/usr/bin/arch -k       = unknown
/usr/convex/getsysinfo = unknown
/usr/bin/hostinfo      = unknown
/bin/machine           = unknown
/usr/bin/oslevel       = unknown
/bin/universe          = unknown

PATH: /c/projetos/sqliteodbc_sqlcipher/_inst/bin
PATH: /mingw64/bin
PATH: /usr/local/bin
PATH: /usr/bin
PATH: /bin
PATH: /c/Windows/System32
PATH: /c/Windows
PATH: /c/Windows/System32/Wbem
PATH: /c/Windows/System32/WindowsPowerShell/v1.0/
PATH: /usr/bin/site_perl
PATH: /usr/bin/vendor_perl
PATH: /usr/bin/core_perl


## ----------- ##
## Core tests. ##
## ----------- ##

configure:2261: loading site script /etc/config.site
| # This file is in public domain.
| # Original author: Karlson2k (Evgeny Grin)
| # Written for MSys2 to help running 'configure' scripts
| 
| # Defaults for MSys2/MinGW64-targeted programs
| 
| # Set proper selfname on bash and fallback to default name on other shells
| test -n "${BASH_SOURCE}" 2>/dev/null && config_site_me="${BASH_SOURCE[0]##*/}" || config_site_me=config.site
| 
| # Set default 'host' to speedup configure
| if test -z "$build_alias"; then
|   build_alias="${MSYSTEM_CHOST}"  && \
|     ${as_echo-echo} "$config_site_me:${as_lineno-$LINENO}: default build_alias set to $build_alias" >&5
| fi
| 
| # Set default 'prefix'
| if ( test -z "$prefix" || test "x$prefix" = "xNONE" ) && \
|     ( test -z "$exec_prefix" || test "x$exec_prefix" = "xNONE" ); then
|   prefix="${MSYSTEM_PREFIX}" && \
|     ${as_echo-echo} "$config_site_me:${as_lineno-$LINENO}: default prefix set to $prefix" >&5
| fi
config.site:13: default build_alias set to x86_64-w64-mingw32
configure:2415: checking build system type
configure:2429: result: x86_64-w64-mingw32
configure:2449: checking host system type
configure:2462: result: x86_64-w64-mingw32
configure:2490: checking for x86_64-w64-mingw32-gcc
configure:2506: found /mingw64/bin/x86_64-w64-mingw32-gcc
configure:2517: result: x86_64-w64-mingw32-gcc
configure:2786: checking for C compiler version
configure:2795: x86_64-w64-mingw32-gcc --version >&5
x86_64-w64-mingw32-gcc.exe (Rev8, Built by MSYS2 project) 15.2.0
Copyright (C) 2025 Free Software Foundation, Inc.
This is free software; see the source for copying conditions.  There is NO
warranty; not even for MERCHANTABILITY or FITNESS FOR A PARTICULAR PURPOSE.

configure:2806: $? = 0
configure:2795: x86_64-w64-mingw32-gcc -v >&5
Using built-in specs.
COLLECT_GCC=C:\msys64\mingw64\bin\x86_64-w64-mingw32-gcc.exe
COLLECT_LTO_WRAPPER=C:/msys64/mingw64/bin/../lib/gcc/x86_64-w64-mingw32/15.2.0/lto-wrapper.exe
Target: x86_64-w64-mingw32
Configured with: ../gcc-15.2.0/configure --prefix=/mingw64 --with-local-prefix=/mingw64/local --with-native-system-header-dir=/mingw64/include --libexecdir=/mingw64/lib --enable-bootstrap --enable-checking=release --with-arch=nocona --with-tune=generic --enable-mingw-wildcard --enable-languages=c,lto,c++,fortran,ada,objc,obj-c++,jit --enable-shared --enable-static --enable-libatomic --enable-threads=posix --enable-graphite --enable-fully-dynamic-string --enable-libstdcxx-backtrace=yes --enable-libstdcxx-filesystem-ts --enable-libstdcxx-time --disable-libstdcxx-pch --enable-lto --enable-libgomp --disable-libssp --disable-multilib --disable-rpath --disable-win32-registry --disable-nls --disable-werror --disable-symvers --with-libiconv --with-system-zlib --with-gmp=/mingw64 --with-mpfr=/mingw64 --with-mpc=/mingw64 --with-isl=/mingw64 --with-pkgversion='Rev8, Built by MSYS2 project' --with-bugurl=https://github.com/msys2/MINGW-packages/issues --with-gnu-as --with-gnu-ld --with-libstdcxx-zoneinfo=yes --disable-libstdcxx-debug --enable-plugin --with-boot-ldflags=-static-libstdc++ --with-stage1-ldflags=-static-libstdc++
Thread model: posix
Supported LTO compression algorithms: zlib zstd
gcc version 15.2.0 (Rev8, Built by MSYS2 project) 
configure:2806: $? = 0
configure:2795: x86_64-w64-mingw32-gcc -V >&5
x86_64-w64-mingw32-gcc.exe: error: unrecognized command-line option '-V'
x86_64-w64-mingw32-gcc.exe: fatal error: no input files
compilation terminated.
configure:2806: $? = 1
configure:2795: x86_64-w64-mingw32-gcc -qversion >&5
x86_64-w64-mingw32-gcc.exe: error: unrecognized command-line option '-qversion'; did you mean '--version'?
x86_64-w64-mingw32-gcc.exe: fatal error: no input files
compilation terminated.
configure:2806: $? = 1
configure:2826: checking whether the C compiler works
configure:2848: x86_64-w64-mingw32-gcc -O2 -DSQLITE_HAS_CODEC -DSQLITE_TEMP_STORE=2 -DSQLCIPHER_CRYPTO_OPENSSL -DSQLITE_EXTRA_INIT=sqlcipher_extra_init -DSQLITE_EXTRA_SHUTDOWN=sqlcipher_extra_shutdown -USQLITE_OMIT_LOAD_EXTENSION -DSQLITE_ENABLE_LOAD_EXTENSION -DSQLITE_ENABLE_COLUMN_METADATA  -lcrypto conftest.c  >&5
configure:2852: $? = 0
configure:2900: result: yes
configure:2903: checking for C compiler default output file name
configure:2905: result: a.exe
configure:2911: checking for suffix of executables
configure:2918: x86_64-w64-mingw32-gcc -o conftest.exe -O2 -DSQLITE_HAS_CODEC -DSQLITE_TEMP_STORE=2 -DSQLCIPHER_CRYPTO_OPENSSL -DSQLITE_EXTRA_INIT=sqlcipher_extra_init -DSQLITE_EXTRA_SHUTDOWN=sqlcipher_extra_shutdown -USQLITE_OMIT_LOAD_EXTENSION -DSQLITE_ENABLE_LOAD_EXTENSION -DSQLITE_ENABLE_COLUMN_METADATA  -lcrypto conftest.c  >&5
configure:2922: $? = 0
configure:2944: result: .exe
configure:2966: checking whether we are cross compiling
configure:2974: x86_64-w64-mingw32-gcc -o conftest.exe -O2 -DSQLITE_HAS_CODEC -DSQLITE_TEMP_STORE=2 -DSQLCIPHER_CRYPTO_OPENSSL -DSQLITE_EXTRA_INIT=sqlcipher_extra_init -DSQLITE_EXTRA_SHUTDOWN=sqlcipher_extra_shutdown -USQLITE_OMIT_LOAD_EXTENSION -DSQLITE_ENABLE_LOAD_EXTENSION -DSQLITE_ENABLE_COLUMN_METADATA  -lcrypto conftest.c  >&5
configure:2978: $? = 0
configure:2985: ./conftest.exe
configure:2989: $? = 0
configure:3004: result: no
configure:3009: checking for suffix of object files
configure:3031: x86_64-w64-mingw32-gcc -c -O2 -DSQLITE_HAS_CODEC -DSQLITE_TEMP_STORE=2 -DSQLCIPHER_CRYPTO_OPENSSL -DSQLITE_EXTRA_INIT=sqlcipher_extra_init -DSQLITE_EXTRA_SHUTDOWN=sqlcipher_extra_shutdown -USQLITE_OMIT_LOAD_EXTENSION -DSQLITE_ENABLE_LOAD_EXTENSION -DSQLITE_ENABLE_COLUMN_METADATA  conftest.c >&5
configure:3035: $? = 0
configure:3056: result: o
configure:3060: checking whether we are using the GNU C compiler
configure:3079: x86_64-w64-mingw32-gcc -c -O2 -DSQLITE_HAS_CODEC -DSQLITE_TEMP_STORE=2 -DSQLCIPHER_CRYPTO_OPENSSL -DSQLITE_EXTRA_INIT=sqlcipher_extra_init -DSQLITE_EXTRA_SHUTDOWN=sqlcipher_extra_shutdown -USQLITE_OMIT_LOAD_EXTENSION -DSQLITE_ENABLE_LOAD_EXTENSION -DSQLITE_ENABLE_COLUMN_METADATA  conftest.c >&5
configure:3079: $? = 0
configure:3088: result: yes
configure:3097: checking whether x86_64-w64-mingw32-gcc accepts -g
configure:3117: x86_64-w64-mingw32-gcc -c -g  conftest.c >&5
configure:3117: $? = 0
configure:3158: result: yes
configure:3175: checking for x86_64-w64-mingw32-gcc option to accept ISO C89
configure:3238: x86_64-w64-mingw32-gcc  -c -O2 -DSQLITE_HAS_CODEC -DSQLITE_TEMP_STORE=2 -DSQLCIPHER_CRYPTO_OPENSSL -DSQLITE_EXTRA_INIT=sqlcipher_extra_init -DSQLITE_EXTRA_SHUTDOWN=sqlcipher_extra_shutdown -USQLITE_OMIT_LOAD_EXTENSION -DSQLITE_ENABLE_LOAD_EXTENSION -DSQLITE_ENABLE_COLUMN_METADATA  conftest.c >&5
conftest.c: In function 'e':
conftest.c:15:14: warning: old-style function definition [-Wold-style-definition]
   15 | static char *e (p, i)
      |              ^
configure:3238: $? = 0
configure:3251: result: none needed
configure:3271: checking for a sed that does not truncate output
configure:3335: result: /usr/bin/sed
configure:3353: checking for grep that handles long lines and -e
configure:3411: result: /usr/bin/grep
configure:3416: checking for egrep
configure:3478: result: /usr/bin/grep -E
configure:3483: checking for fgrep
configure:3545: result: /usr/bin/grep -F
configure:3580: checking for ld used by x86_64-w64-mingw32-gcc
configure:3647: result: C:/msys64/mingw64/x86_64-w64-mingw32/bin/ld.exe
configure:3654: checking if the linker (C:/msys64/mingw64/x86_64-w64-mingw32/bin/ld.exe) is GNU ld
configure:3669: result: yes
configure:3681: checking for BSD- or MS-compatible name lister (nm)
configure:3730: result: /mingw64/bin/nm -B
configure:3848: checking the name lister (/mingw64/bin/nm -B) interface
configure:3855: x86_64-w64-mingw32-gcc -c -O2 -DSQLITE_HAS_CODEC -DSQLITE_TEMP_STORE=2 -DSQLCIPHER_CRYPTO_OPENSSL -DSQLITE_EXTRA_INIT=sqlcipher_extra_init -DSQLITE_EXTRA_SHUTDOWN=sqlcipher_extra_shutdown -USQLITE_OMIT_LOAD_EXTENSION -DSQLITE_ENABLE_LOAD_EXTENSION -DSQLITE_ENABLE_COLUMN_METADATA  conftest.c >&5
configure:3858: /mingw64/bin/nm -B "conftest.o"
configure:3861: output
0000000000000000 b .bss
0000000000000000 d .data
0000000000000000 r .rdata$zzz
0000000000000000 t .text
0000000000000000 B some_variable
configure:3868: result: BSD nm
configure:3871: checking whether ln -s works
configure:3878: result: no, using cp -pR
configure:3883: checking the maximum length of command line arguments
configure:4003: result: 8192
configure:4020: checking whether the shell understands some XSI constructs
configure:4030: result: yes
configure:4034: checking whether the shell understands "+="
configure:4040: result: yes
configure:4075: checking for C:/msys64/mingw64/x86_64-w64-mingw32/bin/ld.exe option to reload object files
configure:4082: result: -r
configure:4111: checking for x86_64-w64-mingw32-objdump
configure:4141: result: no
configure:4151: checking for objdump
configure:4167: found /mingw64/bin/objdump
configure:4178: result: objdump
configure:4210: checking how to recognize dependent libraries
configure:4406: result: file_magic ^x86 archive import|^x86 DLL
configure:4426: checking for x86_64-w64-mingw32-ar
configure:4456: result: no
configure:4466: checking for ar
configure:4482: found /mingw64/bin/ar
configure:4493: result: ar
configure:4531: checking for x86_64-w64-mingw32-strip
configure:4561: result: no
configure:4571: checking for strip
configure:4587: found /mingw64/bin/strip
configure:4598: result: strip
configure:4630: checking for x86_64-w64-mingw32-ranlib
configure:4660: result: no
configure:4670: checking for ranlib
configure:4686: found /mingw64/bin/ranlib
configure:4697: result: ranlib
configure:4787: checking command to parse /mingw64/bin/nm -B output from x86_64-w64-mingw32-gcc object
configure:4905: x86_64-w64-mingw32-gcc -c -O2 -DSQLITE_HAS_CODEC -DSQLITE_TEMP_STORE=2 -DSQLCIPHER_CRYPTO_OPENSSL -DSQLITE_EXTRA_INIT=sqlcipher_extra_init -DSQLITE_EXTRA_SHUTDOWN=sqlcipher_extra_shutdown -USQLITE_OMIT_LOAD_EXTENSION -DSQLITE_ENABLE_LOAD_EXTENSION -DSQLITE_ENABLE_COLUMN_METADATA  conftest.c >&5
configure:4908: $? = 0
configure:4912: /mingw64/bin/nm -B conftest.o \| sed -n -e 's/^.*[	 ]\([ABCDGIRSTW][ABCDGIRSTW]*\)[	 ][	 ]*\([_A-Za-z][_A-Za-z0-9]*\)\{0,1\}$/\1 \2 \2/p' \> conftest.nm
configure:4915: $? = 0
configure:4969: x86_64-w64-mingw32-gcc -o conftest.exe -O2 -DSQLITE_HAS_CODEC -DSQLITE_TEMP_STORE=2 -DSQLCIPHER_CRYPTO_OPENSSL -DSQLITE_EXTRA_INIT=sqlcipher_extra_init -DSQLITE_EXTRA_SHUTDOWN=sqlcipher_extra_shutdown -USQLITE_OMIT_LOAD_EXTENSION -DSQLITE_ENABLE_LOAD_EXTENSION -DSQLITE_ENABLE_COLUMN_METADATA  -lcrypto conftest.c conftstm.o >&5
configure:4972: $? = 0
configure:5010: result: ok
configure:5819: checking how to run the C preprocessor
configure:5850: x86_64-w64-mingw32-gcc -E  conftest.c
configure:5850: $? = 0
configure:5864: x86_64-w64-mingw32-gcc -E  conftest.c
conftest.c:9:10: fatal error: ac_nonexistent.h: No such file or directory
    9 | #include <ac_nonexistent.h>
      |          ^~~~~~~~~~~~~~~~~~
compilation terminated.
configure:5864: $? = 1
configure: failed program was:
| /* confdefs.h */
| #define PACKAGE_NAME ""
| #define PACKAGE_TARNAME ""
| #define PACKAGE_VERSION ""
| #define PACKAGE_STRING ""
| #define PACKAGE_BUGREPORT ""
| #define PACKAGE_URL ""
| /* end confdefs.h.  */
| #include <ac_nonexistent.h>
configure:5889: result: x86_64-w64-mingw32-gcc -E
configure:5909: x86_64-w64-mingw32-gcc -E  conftest.c
configure:5909: $? = 0
configure:5923: x86_64-w64-mingw32-gcc -E  conftest.c
conftest.c:9:10: fatal error: ac_nonexistent.h: No such file or directory
    9 | #include <ac_nonexistent.h>
      |          ^~~~~~~~~~~~~~~~~~
compilation terminated.
configure:5923: $? = 1
configure: failed program was:
| /* confdefs.h */
| #define PACKAGE_NAME ""
| #define PACKAGE_TARNAME ""
| #define PACKAGE_VERSION ""
| #define PACKAGE_STRING ""
| #define PACKAGE_BUGREPORT ""
| #define PACKAGE_URL ""
| /* end confdefs.h.  */
| #include <ac_nonexistent.h>
configure:5952: checking for ANSI C header files
configure:5972: x86_64-w64-mingw32-gcc -c -O2 -DSQLITE_HAS_CODEC -DSQLITE_TEMP_STORE=2 -DSQLCIPHER_CRYPTO_OPENSSL -DSQLITE_EXTRA_INIT=sqlcipher_extra_init -DSQLITE_EXTRA_SHUTDOWN=sqlcipher_extra_shutdown -USQLITE_OMIT_LOAD_EXTENSION -DSQLITE_ENABLE_LOAD_EXTENSION -DSQLITE_ENABLE_COLUMN_METADATA  conftest.c >&5
configure:5972: $? = 0
configure:6045: x86_64-w64-mingw32-gcc -o conftest.exe -O2 -DSQLITE_HAS_CODEC -DSQLITE_TEMP_STORE=2 -DSQLCIPHER_CRYPTO_OPENSSL -DSQLITE_EXTRA_INIT=sqlcipher_extra_init -DSQLITE_EXTRA_SHUTDOWN=sqlcipher_extra_shutdown -USQLITE_OMIT_LOAD_EXTENSION -DSQLITE_ENABLE_LOAD_EXTENSION -DSQLITE_ENABLE_COLUMN_METADATA  -lcrypto conftest.c  >&5
configure:6045: $? = 0
configure:6045: ./conftest.exe
configure:6045: $? = 0
configure:6056: result: yes
configure:6069: checking for sys/types.h
configure:6069: x86_64-w64-mingw32-gcc -c -O2 -DSQLITE_HAS_CODEC -DSQLITE_TEMP_STORE=2 -DSQLCIPHER_CRYPTO_OPENSSL -DSQLITE_EXTRA_INIT=sqlcipher_extra_init -DSQLITE_EXTRA_SHUTDOWN=sqlcipher_extra_shutdown -USQLITE_OMIT_LOAD_EXTENSION -DSQLITE_ENABLE_LOAD_EXTENSION -DSQLITE_ENABLE_COLUMN_METADATA  conftest.c >&5
configure:6069: $? = 0
configure:6069: result: yes
configure:6069: checking for sys/stat.h
configure:6069: x86_64-w64-mingw32-gcc -c -O2 -DSQLITE_HAS_CODEC -DSQLITE_TEMP_STORE=2 -DSQLCIPHER_CRYPTO_OPENSSL -DSQLITE_EXTRA_INIT=sqlcipher_extra_init -DSQLITE_EXTRA_SHUTDOWN=sqlcipher_extra_shutdown -USQLITE_OMIT_LOAD_EXTENSION -DSQLITE_ENABLE_LOAD_EXTENSION -DSQLITE_ENABLE_COLUMN_METADATA  conftest.c >&5
configure:6069: $? = 0
configure:6069: result: yes
configure:6069: checking for stdlib.h
configure:6069: x86_64-w64-mingw32-gcc -c -O2 -DSQLITE_HAS_CODEC -DSQLITE_TEMP_STORE=2 -DSQLCIPHER_CRYPTO_OPENSSL -DSQLITE_EXTRA_INIT=sqlcipher_extra_init -DSQLITE_EXTRA_SHUTDOWN=sqlcipher_extra_shutdown -USQLITE_OMIT_LOAD_EXTENSION -DSQLITE_ENABLE_LOAD_EXTENSION -DSQLITE_ENABLE_COLUMN_METADATA  conftest.c >&5
configure:6069: $? = 0
configure:6069: result: yes
configure:6069: checking for string.h
configure:6069: x86_64-w64-mingw32-gcc -c -O2 -DSQLITE_HAS_CODEC -DSQLITE_TEMP_STORE=2 -DSQLCIPHER_CRYPTO_OPENSSL -DSQLITE_EXTRA_INIT=sqlcipher_extra_init -DSQLITE_EXTRA_SHUTDOWN=sqlcipher_extra_shutdown -USQLITE_OMIT_LOAD_EXTENSION -DSQLITE_ENABLE_LOAD_EXTENSION -DSQLITE_ENABLE_COLUMN_METADATA  conftest.c >&5
configure:6069: $? = 0
configure:6069: result: yes
configure:6069: checking for memory.h
configure:6069: x86_64-w64-mingw32-gcc -c -O2 -DSQLITE_HAS_CODEC -DSQLITE_TEMP_STORE=2 -DSQLCIPHER_CRYPTO_OPENSSL -DSQLITE_EXTRA_INIT=sqlcipher_extra_init -DSQLITE_EXTRA_SHUTDOWN=sqlcipher_extra_shutdown -USQLITE_OMIT_LOAD_EXTENSION -DSQLITE_ENABLE_LOAD_EXTENSION -DSQLITE_ENABLE_COLUMN_METADATA  conftest.c >&5
configure:6069: $? = 0
configure:6069: result: yes
configure:6069: checking for strings.h
configure:6069: x86_64-w64-mingw32-gcc -c -O2 -DSQLITE_HAS_CODEC -DSQLITE_TEMP_STORE=2 -DSQLCIPHER_CRYPTO_OPENSSL -DSQLITE_EXTRA_INIT=sqlcipher_extra_init -DSQLITE_EXTRA_SHUTDOWN=sqlcipher_extra_shutdown -USQLITE_OMIT_LOAD_EXTENSION -DSQLITE_ENABLE_LOAD_EXTENSION -DSQLITE_ENABLE_COLUMN_METADATA  conftest.c >&5
configure:6069: $? = 0
configure:6069: result: yes
configure:6069: checking for inttypes.h
configure:6069: x86_64-w64-mingw32-gcc -c -O2 -DSQLITE_HAS_CODEC -DSQLITE_TEMP_STORE=2 -DSQLCIPHER_CRYPTO_OPENSSL -DSQLITE_EXTRA_INIT=sqlcipher_extra_init -DSQLITE_EXTRA_SHUTDOWN=sqlcipher_extra_shutdown -USQLITE_OMIT_LOAD_EXTENSION -DSQLITE_ENABLE_LOAD_EXTENSION -DSQLITE_ENABLE_COLUMN_METADATA  conftest.c >&5
configure:6069: $? = 0
configure:6069: result: yes
configure:6069: checking for stdint.h
configure:6069: x86_64-w64-mingw32-gcc -c -O2 -DSQLITE_HAS_CODEC -DSQLITE_TEMP_STORE=2 -DSQLCIPHER_CRYPTO_OPENSSL -DSQLITE_EXTRA_INIT=sqlcipher_extra_init -DSQLITE_EXTRA_SHUTDOWN=sqlcipher_extra_shutdown -USQLITE_OMIT_LOAD_EXTENSION -DSQLITE_ENABLE_LOAD_EXTENSION -DSQLITE_ENABLE_COLUMN_METADATA  conftest.c >&5
configure:6069: $? = 0
configure:6069: result: yes
configure:6069: checking for unistd.h
configure:6069: x86_64-w64-mingw32-gcc -c -O2 -DSQLITE_HAS_CODEC -DSQLITE_TEMP_STORE=2 -DSQLCIPHER_CRYPTO_OPENSSL -DSQLITE_EXTRA_INIT=sqlcipher_extra_init -DSQLITE_EXTRA_SHUTDOWN=sqlcipher_extra_shutdown -USQLITE_OMIT_LOAD_EXTENSION -DSQLITE_ENABLE_LOAD_EXTENSION -DSQLITE_ENABLE_COLUMN_METADATA  conftest.c >&5
configure:6069: $? = 0
configure:6069: result: yes
configure:6083: checking for dlfcn.h
configure:6083: x86_64-w64-mingw32-gcc -c -O2 -DSQLITE_HAS_CODEC -DSQLITE_TEMP_STORE=2 -DSQLCIPHER_CRYPTO_OPENSSL -DSQLITE_EXTRA_INIT=sqlcipher_extra_init -DSQLITE_EXTRA_SHUTDOWN=sqlcipher_extra_shutdown -USQLITE_OMIT_LOAD_EXTENSION -DSQLITE_ENABLE_LOAD_EXTENSION -DSQLITE_ENABLE_COLUMN_METADATA  conftest.c >&5
conftest.c:53:10: fatal error: dlfcn.h: No such file or directory
   53 | #include <dlfcn.h>
      |          ^~~~~~~~~
compilation terminated.
configure:6083: $? = 1
configure: failed program was:
| /* confdefs.h */
| #define PACKAGE_NAME ""
| #define PACKAGE_TARNAME ""
| #define PACKAGE_VERSION ""
| #define PACKAGE_STRING ""
| #define PACKAGE_BUGREPORT ""
| #define PACKAGE_URL ""
| #define STDC_HEADERS 1
| #define HAVE_SYS_TYPES_H 1
| #define HAVE_SYS_STAT_H 1
| #define HAVE_STDLIB_H 1
| #define HAVE_STRING_H 1
| #define HAVE_MEMORY_H 1
| #define HAVE_STRINGS_H 1
| #define HAVE_INTTYPES_H 1
| #define HAVE_STDINT_H 1
| #define HAVE_UNISTD_H 1
| /* end confdefs.h.  */
| #include <stdio.h>
| #ifdef HAVE_SYS_TYPES_H
| # include <sys/types.h>
| #endif
| #ifdef HAVE_SYS_STAT_H
| # include <sys/stat.h>
| #endif
| #ifdef STDC_HEADERS
| # include <stdlib.h>
| # include <stddef.h>
| #else
| # ifdef HAVE_STDLIB_H
| #  include <stdlib.h>
| # endif
| #endif
| #ifdef HAVE_STRING_H
| # if !defined STDC_HEADERS && defined HAVE_MEMORY_H
| #  include <memory.h>
| # endif
| # include <string.h>
| #endif
| #ifdef HAVE_STRINGS_H
| # include <strings.h>
| #endif
| #ifdef HAVE_INTTYPES_H
| # include <inttypes.h>
| #endif
| #ifdef HAVE_STDINT_H
| # include <stdint.h>
| #endif
| #ifdef HAVE_UNISTD_H
| # include <unistd.h>
| #endif
| 
| #include <dlfcn.h>
configure:6083: result: no
configure:6267: checking for objdir
configure:6282: result: .libs
configure:6578: checking if x86_64-w64-mingw32-gcc supports -fno-rtti -fno-exceptions
configure:6596: x86_64-w64-mingw32-gcc -c -O2 -DSQLITE_HAS_CODEC -DSQLITE_TEMP_STORE=2 -DSQLCIPHER_CRYPTO_OPENSSL -DSQLITE_EXTRA_INIT=sqlcipher_extra_init -DSQLITE_EXTRA_SHUTDOWN=sqlcipher_extra_shutdown -USQLITE_OMIT_LOAD_EXTENSION -DSQLITE_ENABLE_LOAD_EXTENSION -DSQLITE_ENABLE_COLUMN_METADATA  -fno-rtti -fno-exceptions conftest.c >&5
cc1.exe: warning: command-line option '-fno-rtti' is valid for C++/D/ObjC++ but not for C
configure:6600: $? = 0
configure:6613: result: no
configure:6633: checking for x86_64-w64-mingw32-gcc option to produce PIC
configure:6905: result: -DDLL_EXPORT -DPIC
configure:6917: checking if x86_64-w64-mingw32-gcc PIC flag -DDLL_EXPORT -DPIC works
configure:6935: x86_64-w64-mingw32-gcc -c -O2 -DSQLITE_HAS_CODEC -DSQLITE_TEMP_STORE=2 -DSQLCIPHER_CRYPTO_OPENSSL -DSQLITE_EXTRA_INIT=sqlcipher_extra_init -DSQLITE_EXTRA_SHUTDOWN=sqlcipher_extra_shutdown -USQLITE_OMIT_LOAD_EXTENSION -DSQLITE_ENABLE_LOAD_EXTENSION -DSQLITE_ENABLE_COLUMN_METADATA  -DDLL_EXPORT -DPIC -DPIC conftest.c >&5
configure:6939: $? = 0
configure:6952: result: yes
configure:6976: checking if x86_64-w64-mingw32-gcc static flag -static works
configure:7004: result: yes
configure:7019: checking if x86_64-w64-mingw32-gcc supports -c -o file.o
configure:7040: x86_64-w64-mingw32-gcc -c -O2 -DSQLITE_HAS_CODEC -DSQLITE_TEMP_STORE=2 -DSQLCIPHER_CRYPTO_OPENSSL -DSQLITE_EXTRA_INIT=sqlcipher_extra_init -DSQLITE_EXTRA_SHUTDOWN=sqlcipher_extra_shutdown -USQLITE_OMIT_LOAD_EXTENSION -DSQLITE_ENABLE_LOAD_EXTENSION -DSQLITE_ENABLE_COLUMN_METADATA  -o out/conftest2.o conftest.c >&5
configure:7044: $? = 0
configure:7066: result: yes
configure:7074: checking if x86_64-w64-mingw32-gcc supports -c -o file.o
configure:7121: result: yes
configure:7154: checking whether the x86_64-w64-mingw32-gcc linker (C:/msys64/mingw64/x86_64-w64-mingw32/bin/ld.exe) supports shared libraries
configure:8140: result: yes
configure:8177: checking whether -lc should be explicitly linked in
configure:8182: x86_64-w64-mingw32-gcc -c -O2 -DSQLITE_HAS_CODEC -DSQLITE_TEMP_STORE=2 -DSQLCIPHER_CRYPTO_OPENSSL -DSQLITE_EXTRA_INIT=sqlcipher_extra_init -DSQLITE_EXTRA_SHUTDOWN=sqlcipher_extra_shutdown -USQLITE_OMIT_LOAD_EXTENSION -DSQLITE_ENABLE_LOAD_EXTENSION -DSQLITE_ENABLE_COLUMN_METADATA  conftest.c >&5
configure:8185: $? = 0
configure:8200: x86_64-w64-mingw32-gcc -shared conftest.o  -v -o ./conftest -Wl,--enable-auto-image-base -Xlinker --out-implib -Xlinker conftest 2\>\&1 \| /usr/bin/grep  -lc  \>/dev/null 2\>\&1
configure:8203: $? = 1
configure:8215: result: yes
configure:8379: checking dynamic linker characteristics
configure:9033: result: Win32 ld.exe
configure:9135: checking how to hardcode library paths into programs
configure:9160: result: immediate
configure:9680: checking whether stripping libraries is possible
configure:9685: result: yes
configure:9720: checking if libtool supports shared libraries
configure:9722: result: yes
configure:9725: checking whether to build shared libraries
configure:9746: result: yes
configure:9749: checking whether to build static libraries
configure:9753: result: no
configure:9802: checking for a BSD-compatible install
configure:9870: result: /usr/bin/install -c
configure:9915: checking for SQLite header and library
configure:9939: result: no
configure:9941: WARNING: SQLite header files and/or library not found
configure:9961: checking for sqlite_libversion in -lsqlite
configure:9986: x86_64-w64-mingw32-gcc -o conftest.exe -O2 -DSQLITE_HAS_CODEC -DSQLITE_TEMP_STORE=2 -DSQLCIPHER_CRYPTO_OPENSSL -DSQLITE_EXTRA_INIT=sqlcipher_extra_init -DSQLITE_EXTRA_SHUTDOWN=sqlcipher_extra_shutdown -USQLITE_OMIT_LOAD_EXTENSION -DSQLITE_ENABLE_LOAD_EXTENSION -DSQLITE_ENABLE_COLUMN_METADATA -IUNKNOWN  -lcrypto conftest.c -lsqlite    >&5
C:/msys64/mingw64/bin/../lib/gcc/x86_64-w64-mingw32/15.2.0/../../../../x86_64-w64-mingw32/bin/ld.exe: cannot find -lsqlite: No such file or directory
collect2.exe: error: ld returned 1 exit status
configure:9986: $? = 1
configure: failed program was:
| /* confdefs.h */
| #define PACKAGE_NAME ""
| #define PACKAGE_TARNAME ""
| #define PACKAGE_VERSION ""
| #define PACKAGE_STRING ""
| #define PACKAGE_BUGREPORT ""
| #define PACKAGE_URL ""
| #define STDC_HEADERS 1
| #define HAVE_SYS_TYPES_H 1
| #define HAVE_SYS_STAT_H 1
| #define HAVE_STDLIB_H 1
| #define HAVE_STRING_H 1
| #define HAVE_MEMORY_H 1
| #define HAVE_STRINGS_H 1
| #define HAVE_INTTYPES_H 1
| #define HAVE_STDINT_H 1
| #define HAVE_UNISTD_H 1
| #define LT_OBJDIR ".libs/"
| /* end confdefs.h.  */
| 
| /* Override any GCC internal prototype to avoid an error.
|    Use char because int might match the return type of a GCC
|    builtin and then its argument prototype would still apply.  */
| #ifdef __cplusplus
| extern "C"
| #endif
| char sqlite_libversion ();
| int
| main ()
| {
| return sqlite_libversion ();
|   ;
|   return 0;
| }
configure:9995: result: no
configure:10003: checking for sqlite_compile in -lsqlite
configure:10028: x86_64-w64-mingw32-gcc -o conftest.exe -O2 -DSQLITE_HAS_CODEC -DSQLITE_TEMP_STORE=2 -DSQLCIPHER_CRYPTO_OPENSSL -DSQLITE_EXTRA_INIT=sqlcipher_extra_init -DSQLITE_EXTRA_SHUTDOWN=sqlcipher_extra_shutdown -USQLITE_OMIT_LOAD_EXTENSION -DSQLITE_ENABLE_LOAD_EXTENSION -DSQLITE_ENABLE_COLUMN_METADATA -IUNKNOWN  -lcrypto conftest.c -lsqlite    >&5
C:/msys64/mingw64/bin/../lib/gcc/x86_64-w64-mingw32/15.2.0/../../../../x86_64-w64-mingw32/bin/ld.exe: cannot find -lsqlite: No such file or directory
collect2.exe: error: ld returned 1 exit status
configure:10028: $? = 1
configure: failed program was:
| /* confdefs.h */
| #define PACKAGE_NAME ""
| #define PACKAGE_TARNAME ""
| #define PACKAGE_VERSION ""
| #define PACKAGE_STRING ""
| #define PACKAGE_BUGREPORT ""
| #define PACKAGE_URL ""
| #define STDC_HEADERS 1
| #define HAVE_SYS_TYPES_H 1
| #define HAVE_SYS_STAT_H 1
| #define HAVE_STDLIB_H 1
| #define HAVE_STRING_H 1
| #define HAVE_MEMORY_H 1
| #define HAVE_STRINGS_H 1
| #define HAVE_INTTYPES_H 1
| #define HAVE_STDINT_H 1
| #define HAVE_UNISTD_H 1
| #define LT_OBJDIR ".libs/"
| /* end confdefs.h.  */
| 
| /* Override any GCC internal prototype to avoid an error.
|    Use char because int might match the return type of a GCC
|    builtin and then its argument prototype would still apply.  */
| #ifdef __cplusplus
| extern "C"
| #endif
| char sqlite_compile ();
| int
| main ()
| {
| return sqlite_compile ();
|   ;
|   return 0;
| }
configure:10037: result: no
configure:10045: checking for sqlite_encode_binary in -lsqlite
configure:10070: x86_64-w64-mingw32-gcc -o conftest.exe -O2 -DSQLITE_HAS_CODEC -DSQLITE_TEMP_STORE=2 -DSQLCIPHER_CRYPTO_OPENSSL -DSQLITE_EXTRA_INIT=sqlcipher_extra_init -DSQLITE_EXTRA_SHUTDOWN=sqlcipher_extra_shutdown -USQLITE_OMIT_LOAD_EXTENSION -DSQLITE_ENABLE_LOAD_EXTENSION -DSQLITE_ENABLE_COLUMN_METADATA -IUNKNOWN  -lcrypto conftest.c -lsqlite    >&5
C:/msys64/mingw64/bin/../lib/gcc/x86_64-w64-mingw32/15.2.0/../../../../x86_64-w64-mingw32/bin/ld.exe: cannot find -lsqlite: No such file or directory
collect2.exe: error: ld returned 1 exit status
configure:10070: $? = 1
configure: failed program was:
| /* confdefs.h */
| #define PACKAGE_NAME ""
| #define PACKAGE_TARNAME ""
| #define PACKAGE_VERSION ""
| #define PACKAGE_STRING ""
| #define PACKAGE_BUGREPORT ""
| #define PACKAGE_URL ""
| #define STDC_HEADERS 1
| #define HAVE_SYS_TYPES_H 1
| #define HAVE_SYS_STAT_H 1
| #define HAVE_STDLIB_H 1
| #define HAVE_STRING_H 1
| #define HAVE_MEMORY_H 1
| #define HAVE_STRINGS_H 1
| #define HAVE_INTTYPES_H 1
| #define HAVE_STDINT_H 1
| #define HAVE_UNISTD_H 1
| #define LT_OBJDIR ".libs/"
| /* end confdefs.h.  */
| 
| /* Override any GCC internal prototype to avoid an error.
|    Use char because int might match the return type of a GCC
|    builtin and then its argument prototype would still apply.  */
| #ifdef __cplusplus
| extern "C"
| #endif
| char sqlite_encode_binary ();
| int
| main ()
| {
| return sqlite_encode_binary ();
|   ;
|   return 0;
| }
configure:10079: result: no
configure:10087: checking for sqliteAtoF in -lsqlite
configure:10112: x86_64-w64-mingw32-gcc -o conftest.exe -O2 -DSQLITE_HAS_CODEC -DSQLITE_TEMP_STORE=2 -DSQLCIPHER_CRYPTO_OPENSSL -DSQLITE_EXTRA_INIT=sqlcipher_extra_init -DSQLITE_EXTRA_SHUTDOWN=sqlcipher_extra_shutdown -USQLITE_OMIT_LOAD_EXTENSION -DSQLITE_ENABLE_LOAD_EXTENSION -DSQLITE_ENABLE_COLUMN_METADATA -IUNKNOWN  -lcrypto conftest.c -lsqlite    >&5
C:/msys64/mingw64/bin/../lib/gcc/x86_64-w64-mingw32/15.2.0/../../../../x86_64-w64-mingw32/bin/ld.exe: cannot find -lsqlite: No such file or directory
collect2.exe: error: ld returned 1 exit status
configure:10112: $? = 1
configure: failed program was:
| /* confdefs.h */
| #define PACKAGE_NAME ""
| #define PACKAGE_TARNAME ""
| #define PACKAGE_VERSION ""
| #define PACKAGE_STRING ""
| #define PACKAGE_BUGREPORT ""
| #define PACKAGE_URL ""
| #define STDC_HEADERS 1
| #define HAVE_SYS_TYPES_H 1
| #define HAVE_SYS_STAT_H 1
| #define HAVE_STDLIB_H 1
| #define HAVE_STRING_H 1
| #define HAVE_MEMORY_H 1
| #define HAVE_STRINGS_H 1
| #define HAVE_INTTYPES_H 1
| #define HAVE_STDINT_H 1
| #define HAVE_UNISTD_H 1
| #define LT_OBJDIR ".libs/"
| /* end confdefs.h.  */
| 
| /* Override any GCC internal prototype to avoid an error.
|    Use char because int might match the return type of a GCC
|    builtin and then its argument prototype would still apply.  */
| #ifdef __cplusplus
| extern "C"
| #endif
| char sqliteAtoF ();
| int
| main ()
| {
| return sqliteAtoF ();
|   ;
|   return 0;
| }
configure:10121: result: no
configure:10129: checking for sqlite_mprintf in -lsqlite
configure:10154: x86_64-w64-mingw32-gcc -o conftest.exe -O2 -DSQLITE_HAS_CODEC -DSQLITE_TEMP_STORE=2 -DSQLCIPHER_CRYPTO_OPENSSL -DSQLITE_EXTRA_INIT=sqlcipher_extra_init -DSQLITE_EXTRA_SHUTDOWN=sqlcipher_extra_shutdown -USQLITE_OMIT_LOAD_EXTENSION -DSQLITE_ENABLE_LOAD_EXTENSION -DSQLITE_ENABLE_COLUMN_METADATA -IUNKNOWN  -lcrypto conftest.c -lsqlite    >&5
C:/msys64/mingw64/bin/../lib/gcc/x86_64-w64-mingw32/15.2.0/../../../../x86_64-w64-mingw32/bin/ld.exe: cannot find -lsqlite: No such file or directory
collect2.exe: error: ld returned 1 exit status
configure:10154: $? = 1
configure: failed program was:
| /* confdefs.h */
| #define PACKAGE_NAME ""
| #define PACKAGE_TARNAME ""
| #define PACKAGE_VERSION ""
| #define PACKAGE_STRING ""
| #define PACKAGE_BUGREPORT ""
| #define PACKAGE_URL ""
| #define STDC_HEADERS 1
| #define HAVE_SYS_TYPES_H 1
| #define HAVE_SYS_STAT_H 1
| #define HAVE_STDLIB_H 1
| #define HAVE_STRING_H 1
| #define HAVE_MEMORY_H 1
| #define HAVE_STRINGS_H 1
| #define HAVE_INTTYPES_H 1
| #define HAVE_STDINT_H 1
| #define HAVE_UNISTD_H 1
| #define LT_OBJDIR ".libs/"
| /* end confdefs.h.  */
| 
| /* Override any GCC internal prototype to avoid an error.
|    Use char because int might match the return type of a GCC
|    builtin and then its argument prototype would still apply.  */
| #ifdef __cplusplus
| extern "C"
| #endif
| char sqlite_mprintf ();
| int
| main ()
| {
| return sqlite_mprintf ();
|   ;
|   return 0;
| }
configure:10163: result: no
configure:10171: checking for sqlite_trace in -lsqlite
configure:10196: x86_64-w64-mingw32-gcc -o conftest.exe -O2 -DSQLITE_HAS_CODEC -DSQLITE_TEMP_STORE=2 -DSQLCIPHER_CRYPTO_OPENSSL -DSQLITE_EXTRA_INIT=sqlcipher_extra_init -DSQLITE_EXTRA_SHUTDOWN=sqlcipher_extra_shutdown -USQLITE_OMIT_LOAD_EXTENSION -DSQLITE_ENABLE_LOAD_EXTENSION -DSQLITE_ENABLE_COLUMN_METADATA -IUNKNOWN  -lcrypto conftest.c -lsqlite    >&5
C:/msys64/mingw64/bin/../lib/gcc/x86_64-w64-mingw32/15.2.0/../../../../x86_64-w64-mingw32/bin/ld.exe: cannot find -lsqlite: No such file or directory
collect2.exe: error: ld returned 1 exit status
configure:10196: $? = 1
configure: failed program was:
| /* confdefs.h */
| #define PACKAGE_NAME ""
| #define PACKAGE_TARNAME ""
| #define PACKAGE_VERSION ""
| #define PACKAGE_STRING ""
| #define PACKAGE_BUGREPORT ""
| #define PACKAGE_URL ""
| #define STDC_HEADERS 1
| #define HAVE_SYS_TYPES_H 1
| #define HAVE_SYS_STAT_H 1
| #define HAVE_STDLIB_H 1
| #define HAVE_STRING_H 1
| #define HAVE_MEMORY_H 1
| #define HAVE_STRINGS_H 1
| #define HAVE_INTTYPES_H 1
| #define HAVE_STDINT_H 1
| #define HAVE_UNISTD_H 1
| #define LT_OBJDIR ".libs/"
| /* end confdefs.h.  */
| 
| /* Override any GCC internal prototype to avoid an error.
|    Use char because int might match the return type of a GCC
|    builtin and then its argument prototype would still apply.  */
| #ifdef __cplusplus
| extern "C"
| #endif
| char sqlite_trace ();
| int
| main ()
| {
| return sqlite_trace ();
|   ;
|   return 0;
| }
configure:10205: result: no
configure:10221: WARNING: SQLite library too old, need 2.8.0 or later
configure:10261: checking for SQLite3 header and library
configure:10292: result: no
configure:10294: WARNING: SQLite3 header files and/or library not found
configure:10340: checking for sqlite3_load_extension in -lsqlite3
configure:10365: x86_64-w64-mingw32-gcc -o conftest.exe -O2 -DSQLITE_HAS_CODEC -DSQLITE_TEMP_STORE=2 -DSQLCIPHER_CRYPTO_OPENSSL -DSQLITE_EXTRA_INIT=sqlcipher_extra_init -DSQLITE_EXTRA_SHUTDOWN=sqlcipher_extra_shutdown -USQLITE_OMIT_LOAD_EXTENSION -DSQLITE_ENABLE_LOAD_EXTENSION -DSQLITE_ENABLE_COLUMN_METADATA -IUNKNOWN  -lcrypto conftest.c -lsqlite3    >&5
configure:10365: $? = 0
configure:10374: result: yes
configure:10432: checking for sqlite3_column_table_name in -lsqlite3
configure:10457: x86_64-w64-mingw32-gcc -o conftest.exe -O2 -DSQLITE_HAS_CODEC -DSQLITE_TEMP_STORE=2 -DSQLCIPHER_CRYPTO_OPENSSL -DSQLITE_EXTRA_INIT=sqlcipher_extra_init -DSQLITE_EXTRA_SHUTDOWN=sqlcipher_extra_shutdown -USQLITE_OMIT_LOAD_EXTENSION -DSQLITE_ENABLE_LOAD_EXTENSION -DSQLITE_ENABLE_COLUMN_METADATA -IUNKNOWN  -lcrypto conftest.c -lsqlite3    >&5
configure:10457: $? = 0
configure:10466: result: yes
configure:10474: checking for sqlite3_column_database_name in -lsqlite3
configure:10499: x86_64-w64-mingw32-gcc -o conftest.exe -O2 -DSQLITE_HAS_CODEC -DSQLITE_TEMP_STORE=2 -DSQLCIPHER_CRYPTO_OPENSSL -DSQLITE_EXTRA_INIT=sqlcipher_extra_init -DSQLITE_EXTRA_SHUTDOWN=sqlcipher_extra_shutdown -USQLITE_OMIT_LOAD_EXTENSION -DSQLITE_ENABLE_LOAD_EXTENSION -DSQLITE_ENABLE_COLUMN_METADATA -IUNKNOWN  -lcrypto conftest.c -lsqlite3    >&5
configure:10499: $? = 0
configure:10508: result: yes
configure:10516: checking for sqlite3_column_origin_name in -lsqlite3
configure:10541: x86_64-w64-mingw32-gcc -o conftest.exe -O2 -DSQLITE_HAS_CODEC -DSQLITE_TEMP_STORE=2 -DSQLCIPHER_CRYPTO_OPENSSL -DSQLITE_EXTRA_INIT=sqlcipher_extra_init -DSQLITE_EXTRA_SHUTDOWN=sqlcipher_extra_shutdown -USQLITE_OMIT_LOAD_EXTENSION -DSQLITE_ENABLE_LOAD_EXTENSION -DSQLITE_ENABLE_COLUMN_METADATA -IUNKNOWN  -lcrypto conftest.c -lsqlite3    >&5
configure:10541: $? = 0
configure:10550: result: yes
configure:10558: checking for sqlite3_overload_function in -lsqlite3
configure:10583: x86_64-w64-mingw32-gcc -o conftest.exe -O2 -DSQLITE_HAS_CODEC -DSQLITE_TEMP_STORE=2 -DSQLCIPHER_CRYPTO_OPENSSL -DSQLITE_EXTRA_INIT=sqlcipher_extra_init -DSQLITE_EXTRA_SHUTDOWN=sqlcipher_extra_shutdown -USQLITE_OMIT_LOAD_EXTENSION -DSQLITE_ENABLE_LOAD_EXTENSION -DSQLITE_ENABLE_COLUMN_METADATA -IUNKNOWN  -lcrypto conftest.c -lsqlite3    >&5
configure:10583: $? = 0
configure:10592: result: yes
configure:10600: checking for sqlite3_prepare_v2 in -lsqlite3
configure:10625: x86_64-w64-mingw32-gcc -o conftest.exe -O2 -DSQLITE_HAS_CODEC -DSQLITE_TEMP_STORE=2 -DSQLCIPHER_CRYPTO_OPENSSL -DSQLITE_EXTRA_INIT=sqlcipher_extra_init -DSQLITE_EXTRA_SHUTDOWN=sqlcipher_extra_shutdown -USQLITE_OMIT_LOAD_EXTENSION -DSQLITE_ENABLE_LOAD_EXTENSION -DSQLITE_ENABLE_COLUMN_METADATA -IUNKNOWN  -lcrypto conftest.c -lsqlite3    >&5
configure:10625: $? = 0
configure:10634: result: yes
configure:10642: checking for sqlite3_clear_bindings in -lsqlite3
configure:10667: x86_64-w64-mingw32-gcc -o conftest.exe -O2 -DSQLITE_HAS_CODEC -DSQLITE_TEMP_STORE=2 -DSQLCIPHER_CRYPTO_OPENSSL -DSQLITE_EXTRA_INIT=sqlcipher_extra_init -DSQLITE_EXTRA_SHUTDOWN=sqlcipher_extra_shutdown -USQLITE_OMIT_LOAD_EXTENSION -DSQLITE_ENABLE_LOAD_EXTENSION -DSQLITE_ENABLE_COLUMN_METADATA -IUNKNOWN  -lcrypto conftest.c -lsqlite3    >&5
configure:10667: $? = 0
configure:10676: result: yes
configure:10684: checking for sqlite3_create_module_v2 in -lsqlite3
configure:10709: x86_64-w64-mingw32-gcc -o conftest.exe -O2 -DSQLITE_HAS_CODEC -DSQLITE_TEMP_STORE=2 -DSQLCIPHER_CRYPTO_OPENSSL -DSQLITE_EXTRA_INIT=sqlcipher_extra_init -DSQLITE_EXTRA_SHUTDOWN=sqlcipher_extra_shutdown -USQLITE_OMIT_LOAD_EXTENSION -DSQLITE_ENABLE_LOAD_EXTENSION -DSQLITE_ENABLE_COLUMN_METADATA -IUNKNOWN  -lcrypto conftest.c -lsqlite3    >&5
configure:10709: $? = 0
configure:10718: result: yes
configure:10726: checking for sqlite3_vfs_register in -lsqlite3
configure:10751: x86_64-w64-mingw32-gcc -o conftest.exe -O2 -DSQLITE_HAS_CODEC -DSQLITE_TEMP_STORE=2 -DSQLCIPHER_CRYPTO_OPENSSL -DSQLITE_EXTRA_INIT=sqlcipher_extra_init -DSQLITE_EXTRA_SHUTDOWN=sqlcipher_extra_shutdown -USQLITE_OMIT_LOAD_EXTENSION -DSQLITE_ENABLE_LOAD_EXTENSION -DSQLITE_ENABLE_COLUMN_METADATA -IUNKNOWN  -lcrypto conftest.c -lsqlite3    >&5
configure:10751: $? = 0
configure:10760: result: yes
configure:10768: checking for sqlite3_table_column_metadata in -lsqlite3
configure:10793: x86_64-w64-mingw32-gcc -o conftest.exe -O2 -DSQLITE_HAS_CODEC -DSQLITE_TEMP_STORE=2 -DSQLCIPHER_CRYPTO_OPENSSL -DSQLITE_EXTRA_INIT=sqlcipher_extra_init -DSQLITE_EXTRA_SHUTDOWN=sqlcipher_extra_shutdown -USQLITE_OMIT_LOAD_EXTENSION -DSQLITE_ENABLE_LOAD_EXTENSION -DSQLITE_ENABLE_COLUMN_METADATA -IUNKNOWN  -lcrypto conftest.c -lsqlite3    >&5
configure:10793: $? = 0
configure:10802: result: yes
configure:10810: checking for sqlite3_profile in -lsqlite3
configure:10835: x86_64-w64-mingw32-gcc -o conftest.exe -O2 -DSQLITE_HAS_CODEC -DSQLITE_TEMP_STORE=2 -DSQLCIPHER_CRYPTO_OPENSSL -DSQLITE_EXTRA_INIT=sqlcipher_extra_init -DSQLITE_EXTRA_SHUTDOWN=sqlcipher_extra_shutdown -USQLITE_OMIT_LOAD_EXTENSION -DSQLITE_ENABLE_LOAD_EXTENSION -DSQLITE_ENABLE_COLUMN_METADATA -IUNKNOWN  -lcrypto conftest.c -lsqlite3    >&5
configure:10835: $? = 0
configure:10844: result: yes
configure:10852: checking for sqlite3_strnicmp in -lsqlite3
configure:10877: x86_64-w64-mingw32-gcc -o conftest.exe -O2 -DSQLITE_HAS_CODEC -DSQLITE_TEMP_STORE=2 -DSQLCIPHER_CRYPTO_OPENSSL -DSQLITE_EXTRA_INIT=sqlcipher_extra_init -DSQLITE_EXTRA_SHUTDOWN=sqlcipher_extra_shutdown -USQLITE_OMIT_LOAD_EXTENSION -DSQLITE_ENABLE_LOAD_EXTENSION -DSQLITE_ENABLE_COLUMN_METADATA -IUNKNOWN  -lcrypto conftest.c -lsqlite3    >&5
configure:10877: $? = 0
configure:10886: result: yes
configure:10894: checking for sqlite3_close_v2 in -lsqlite3
configure:10919: x86_64-w64-mingw32-gcc -o conftest.exe -O2 -DSQLITE_HAS_CODEC -DSQLITE_TEMP_STORE=2 -DSQLCIPHER_CRYPTO_OPENSSL -DSQLITE_EXTRA_INIT=sqlcipher_extra_init -DSQLITE_EXTRA_SHUTDOWN=sqlcipher_extra_shutdown -USQLITE_OMIT_LOAD_EXTENSION -DSQLITE_ENABLE_LOAD_EXTENSION -DSQLITE_ENABLE_COLUMN_METADATA -IUNKNOWN  -lcrypto conftest.c -lsqlite3    >&5
configure:10919: $? = 0
configure:10928: result: yes
configure:10945: checking for library containing zlibVersion
configure:10976: x86_64-w64-mingw32-gcc -o conftest.exe -O2 -DSQLITE_HAS_CODEC -DSQLITE_TEMP_STORE=2 -DSQLCIPHER_CRYPTO_OPENSSL -DSQLITE_EXTRA_INIT=sqlcipher_extra_init -DSQLITE_EXTRA_SHUTDOWN=sqlcipher_extra_shutdown -USQLITE_OMIT_LOAD_EXTENSION -DSQLITE_ENABLE_LOAD_EXTENSION -DSQLITE_ENABLE_COLUMN_METADATA  -lcrypto conftest.c  >&5
C:/msys64/mingw64/bin/../lib/gcc/x86_64-w64-mingw32/15.2.0/../../../../x86_64-w64-mingw32/bin/ld.exe: C:\msys64\tmp\cc4TqPQZ.o:conftest.c:(.text.startup+0xa): undefined reference to `zlibVersion'
collect2.exe: error: ld returned 1 exit status
configure:10976: $? = 1
configure: failed program was:
| /* confdefs.h */
| #define PACKAGE_NAME ""
| #define PACKAGE_TARNAME ""
| #define PACKAGE_VERSION ""
| #define PACKAGE_STRING ""
| #define PACKAGE_BUGREPORT ""
| #define PACKAGE_URL ""
| #define STDC_HEADERS 1
| #define HAVE_SYS_TYPES_H 1
| #define HAVE_SYS_STAT_H 1
| #define HAVE_STDLIB_H 1
| #define HAVE_STRING_H 1
| #define HAVE_MEMORY_H 1
| #define HAVE_STRINGS_H 1
| #define HAVE_INTTYPES_H 1
| #define HAVE_STDINT_H 1
| #define HAVE_UNISTD_H 1
| #define LT_OBJDIR ".libs/"
| /* end confdefs.h.  */
| 
| /* Override any GCC internal prototype to avoid an error.
|    Use char because int might match the return type of a GCC
|    builtin and then its argument prototype would still apply.  */
| #ifdef __cplusplus
| extern "C"
| #endif
| char zlibVersion ();
| int
| main ()
| {
| return zlibVersion ();
|   ;
|   return 0;
| }
configure:10976: x86_64-w64-mingw32-gcc -o conftest.exe -O2 -DSQLITE_HAS_CODEC -DSQLITE_TEMP_STORE=2 -DSQLCIPHER_CRYPTO_OPENSSL -DSQLITE_EXTRA_INIT=sqlcipher_extra_init -DSQLITE_EXTRA_SHUTDOWN=sqlcipher_extra_shutdown -USQLITE_OMIT_LOAD_EXTENSION -DSQLITE_ENABLE_LOAD_EXTENSION -DSQLITE_ENABLE_COLUMN_METADATA  -lcrypto conftest.c -lz   >&5
configure:10976: $? = 0
configure:10993: result: -lz
configure:11000: checking zlib.h usability
configure:11000: x86_64-w64-mingw32-gcc -c -O2 -DSQLITE_HAS_CODEC -DSQLITE_TEMP_STORE=2 -DSQLCIPHER_CRYPTO_OPENSSL -DSQLITE_EXTRA_INIT=sqlcipher_extra_init -DSQLITE_EXTRA_SHUTDOWN=sqlcipher_extra_shutdown -USQLITE_OMIT_LOAD_EXTENSION -DSQLITE_ENABLE_LOAD_EXTENSION -DSQLITE_ENABLE_COLUMN_METADATA  conftest.c >&5
configure:11000: $? = 0
configure:11000: result: yes
configure:11000: checking zlib.h presence
configure:11000: x86_64-w64-mingw32-gcc -E  conftest.c
configure:11000: $? = 0
configure:11000: result: yes
configure:11000: checking for zlib.h
configure:11000: result: yes
configure:11070: checking for SQLite4 header and library
configure:11086: result: no
configure:11088: WARNING: SQLite4 header file and source not found
configure:11121: checking for libxml2 header and library
configure:11142: result: no
configure:11201: checking for ODBC headers and libraries
configure:11241: result: no
configure:11243: error: ODBC header files and/or libraries not found

## ---------------- ##
## Cache variables. ##
## ---------------- ##

ac_cv_build=x86_64-w64-mingw32
ac_cv_c_compiler_gnu=yes
ac_cv_env_CC_set=
ac_cv_env_CC_value=
ac_cv_env_CFLAGS_set=set
ac_cv_env_CFLAGS_value='-O2 -DSQLITE_HAS_CODEC -DSQLITE_TEMP_STORE=2 -DSQLCIPHER_CRYPTO_OPENSSL -DSQLITE_EXTRA_INIT=sqlcipher_extra_init -DSQLITE_EXTRA_SHUTDOWN=sqlcipher_extra_shutdown -USQLITE_OMIT_LOAD_EXTENSION -DSQLITE_ENABLE_LOAD_EXTENSION -DSQLITE_ENABLE_COLUMN_METADATA'
ac_cv_env_CPPFLAGS_set=
ac_cv_env_CPPFLAGS_value=
ac_cv_env_CPP_set=
ac_cv_env_CPP_value=
ac_cv_env_LDFLAGS_set=set
ac_cv_env_LDFLAGS_value=-lcrypto
ac_cv_env_LIBS_set=
ac_cv_env_LIBS_value=
ac_cv_env_build_alias_set=
ac_cv_env_build_alias_value=
ac_cv_env_host_alias_set=set
ac_cv_env_host_alias_value=x86_64-w64-mingw32
ac_cv_env_target_alias_set=
ac_cv_env_target_alias_value=
ac_cv_exeext=.exe
ac_cv_header_dlfcn_h=no
ac_cv_header_inttypes_h=yes
ac_cv_header_memory_h=yes
ac_cv_header_stdc=yes
ac_cv_header_stdint_h=yes
ac_cv_header_stdlib_h=yes
ac_cv_header_string_h=yes
ac_cv_header_strings_h=yes
ac_cv_header_sys_stat_h=yes
ac_cv_header_sys_types_h=yes
ac_cv_header_unistd_h=yes
ac_cv_header_zlib_h=yes
ac_cv_host=x86_64-w64-mingw32
ac_cv_lib_sqlite3_sqlite3_clear_bindings=yes
ac_cv_lib_sqlite3_sqlite3_close_v2=yes
ac_cv_lib_sqlite3_sqlite3_column_database_name=yes
ac_cv_lib_sqlite3_sqlite3_column_origin_name=yes
ac_cv_lib_sqlite3_sqlite3_column_table_name=yes
ac_cv_lib_sqlite3_sqlite3_create_module_v2=yes
ac_cv_lib_sqlite3_sqlite3_load_extension=yes
ac_cv_lib_sqlite3_sqlite3_overload_function=yes
ac_cv_lib_sqlite3_sqlite3_prepare_v2=yes
ac_cv_lib_sqlite3_sqlite3_profile=yes
ac_cv_lib_sqlite3_sqlite3_strnicmp=yes
ac_cv_lib_sqlite3_sqlite3_table_column_metadata=yes
ac_cv_lib_sqlite3_sqlite3_vfs_register=yes
ac_cv_lib_sqlite_sqliteAtoF=no
ac_cv_lib_sqlite_sqlite_compile=no
ac_cv_lib_sqlite_sqlite_encode_binary=no
ac_cv_lib_sqlite_sqlite_libversion=no
ac_cv_lib_sqlite_sqlite_mprintf=no
ac_cv_lib_sqlite_sqlite_trace=no
ac_cv_objext=o
ac_cv_path_EGREP='/usr/bin/grep -E'
ac_cv_path_FGREP='/usr/bin/grep -F'
ac_cv_path_GREP=/usr/bin/grep
ac_cv_path_SED=/usr/bin/sed
ac_cv_path_install='/usr/bin/install -c'
ac_cv_prog_CC=x86_64-w64-mingw32-gcc
ac_cv_prog_CPP='x86_64-w64-mingw32-gcc -E'
ac_cv_prog_ac_ct_AR=ar
ac_cv_prog_ac_ct_OBJDUMP=objdump
ac_cv_prog_ac_ct_RANLIB=ranlib
ac_cv_prog_ac_ct_STRIP=strip
ac_cv_prog_cc_c89=
ac_cv_prog_cc_g=yes
ac_cv_search_zlibVersion=-lz
lt_cv_deplibs_check_method='file_magic ^x86 archive import|^x86 DLL'
lt_cv_file_magic_cmd=func_win32_libid
lt_cv_file_magic_test_file=
lt_cv_ld_reload_flag=-r
lt_cv_nm_interface='BSD nm'
lt_cv_objdir=.libs
lt_cv_path_LD=C:/msys64/mingw64/x86_64-w64-mingw32/bin/ld.exe
lt_cv_path_NM='/mingw64/bin/nm -B'
lt_cv_prog_compiler_c_o=yes
lt_cv_prog_compiler_pic_works=yes
lt_cv_prog_compiler_rtti_exceptions=no
lt_cv_prog_compiler_static_works=yes
lt_cv_prog_gnu_ld=yes
lt_cv_sys_global_symbol_pipe='sed -n -e '\''s/^.*[	 ]\([ABCDGIRSTW][ABCDGIRSTW]*\)[	 ][	 ]*\([_A-Za-z][_A-Za-z0-9]*\)\{0,1\}$/\1 \2 \2/p'\'''
lt_cv_sys_global_symbol_to_c_name_address='sed -n -e '\''s/^: \([^ ]*\) $/  {\"\1\", (void *) 0},/p'\'' -e '\''s/^[ABCDGIRSTW]* \([^ ]*\) \([^ ]*\)$/  {"\2", (void *) \&\2},/p'\'''
lt_cv_sys_global_symbol_to_c_name_address_lib_prefix='sed -n -e '\''s/^: \([^ ]*\) $/  {\"\1\", (void *) 0},/p'\'' -e '\''s/^[ABCDGIRSTW]* \([^ ]*\) \(lib[^ ]*\)$/  {"\2", (void *) \&\2},/p'\'' -e '\''s/^[ABCDGIRSTW]* \([^ ]*\) \([^ ]*\)$/  {"lib\2", (void *) \&\2},/p'\'''
lt_cv_sys_global_symbol_to_cdecl='sed -n -e '\''s/^T .* \(.*\)$/extern int \1();/p'\'' -e '\''s/^[ABCDGIRSTW]* .* \(.*\)$/extern char \1;/p'\'''
lt_cv_sys_max_cmd_len=8192

## ----------------- ##
## Output variables. ##
## ----------------- ##

AR='ar'
CC='x86_64-w64-mingw32-gcc'
CFLAGS='-O2 -DSQLITE_HAS_CODEC -DSQLITE_TEMP_STORE=2 -DSQLCIPHER_CRYPTO_OPENSSL -DSQLITE_EXTRA_INIT=sqlcipher_extra_init -DSQLITE_EXTRA_SHUTDOWN=sqlcipher_extra_shutdown -USQLITE_OMIT_LOAD_EXTENSION -DSQLITE_ENABLE_LOAD_EXTENSION -DSQLITE_ENABLE_COLUMN_METADATA'
CPP='x86_64-w64-mingw32-gcc -E'
CPPFLAGS=''
DEB_CHANGELOG_TS=''
DEFS=''
DL_INITFINI=''
DL_OPTS=''
DRVDIR=''
DRVINST_TARGETS=''
DRVUNINST_TARGETS=''
DSYMUTIL=''
DUMPBIN=''
ECHO_C=''
ECHO_N='-n'
ECHO_T=''
EGREP='/usr/bin/grep -E'
EXEEXT='.exe'
EXT_BLOBTOXY='libsqlite3_mod_blobtoxy.la'
EXT_CSVTABLE='libsqlite3_mod_csvtable.la'
EXT_IMPEXP='libsqlite3_mod_impexp.la'
EXT_XPATH=''
EXT_ZIPFILE='libsqlite3_mod_zipfile.la'
FGREP='/usr/bin/grep -F'
GREP='/usr/bin/grep'
INSTALL_DATA='${INSTALL} -m 644'
INSTALL_PROGRAM='${INSTALL}'
INSTALL_SCRIPT='${INSTALL}'
INST_TARGETS=''
LD='C:/msys64/mingw64/x86_64-w64-mingw32/bin/ld.exe'
LDFLAGS='-lcrypto'
LIBOBJS=''
LIBS='-lz '
LIBTOOL='$(SHELL) $(top_builddir)/libtool'
LIB_TARGETS=' libsqlite3_mod_blobtoxy.la libsqlite3_mod_impexp.la libsqlite3_mod_csvtable.la libsqlite3_mod_zipfile.la'
LIPO=''
LN_S='cp -pR'
LTLIBOBJS=''
NM='/mingw64/bin/nm -B'
NMEDIT=''
OBJDUMP='objdump'
OBJEXT='o'
ODBC_FLAGS='UNKNOWN'
ODBC_LIB='UNKNOWN'
OTOOL64=''
OTOOL=''
PACKAGE_BUGREPORT=''
PACKAGE_NAME=''
PACKAGE_STRING=''
PACKAGE_TARNAME=''
PACKAGE_URL=''
PACKAGE_VERSION=''
PATH_SEPARATOR=':'
RANLIB='ranlib'
SED='/usr/bin/sed'
SHELL='/bin/sh'
SPEC_CHANGELOG_TS=''
SQLITE3_A10N_C=''
SQLITE3_A10N_FLAGS=''
SQLITE3_A10N_O=''
SQLITE3_CLEARBINDINGS='1'
SQLITE3_CLOSE_V2='1'
SQLITE3_COLUMNDATABASENAME='1'
SQLITE3_COLUMNORIGINNAME='1'
SQLITE3_COLUMNTABLENAME='1'
SQLITE3_CREATEMODULE_V2='1'
SQLITE3_INC='UNKNOWN'
SQLITE3_LIB='UNKNOWN'
SQLITE3_LOADEXTENSION='1'
SQLITE3_OVERLOADFUNCTION='1'
SQLITE3_PREPARE_V2='1'
SQLITE3_PROFILE='1'
SQLITE3_STRNICMP='1'
SQLITE3_TABLECOLUMNMETADATA='1'
SQLITE3_VFS='1'
SQLITE4_A10N_C=''
SQLITE4_A10N_FLAGS=''
SQLITE4_A10N_O=''
SQLITE4_INC='UNKNOWN'
SQLITE_ATOF='0'
SQLITE_ENCDEC='0'
SQLITE_INC='UNKNOWN'
SQLITE_LIB='UNKNOWN'
SQLITE_LIBVERSION='0'
SQLITE_MPRINTF='0'
SQLITE_TRACE='0'
STRIP='strip'
UNINST_TARGETS=''
VER_INFO='0.99991'
XML2_FLAGS=''
XML2_LIBS=''
ac_ct_CC=''
ac_ct_DUMPBIN=''
bindir='${exec_prefix}/bin'
build='x86_64-w64-mingw32'
build_alias='x86_64-w64-mingw32'
build_cpu='x86_64'
build_os='mingw32'
build_vendor='w64'
datadir='${datarootdir}'
datarootdir='${prefix}/share'
docdir='${datarootdir}/doc/${PACKAGE}'
dvidir='${docdir}'
exec_prefix='NONE'
host='x86_64-w64-mingw32'
host_alias='x86_64-w64-mingw32'
host_cpu='x86_64'
host_os='mingw32'
host_vendor='w64'
htmldir='${docdir}'
includedir='${prefix}/include'
infodir='${datarootdir}/info'
libdir='${exec_prefix}/lib'
libexecdir='${exec_prefix}/libexec'
localedir='${datarootdir}/locale'
localstatedir='${prefix}/var'
lt_ECHO='echo'
mandir='${datarootdir}/man'
oldincludedir='/usr/include'
pdfdir='${docdir}'
prefix='/c/projetos/sqliteodbc_sqlcipher/_inst'
program_transform_name='s,x,x,'
psdir='${docdir}'
runstatedir='${localstatedir}/run'
sbindir='${exec_prefix}/sbin'
sharedstatedir='${prefix}/com'
sysconfdir='${prefix}/etc'
target_alias=''

## ----------- ##
## confdefs.h. ##
## ----------- ##

/* confdefs.h */
#define PACKAGE_NAME ""
#define PACKAGE_TARNAME ""
#define PACKAGE_VERSION ""
#define PACKAGE_STRING ""
#define PACKAGE_BUGREPORT ""
#define PACKAGE_URL ""
#define STDC_HEADERS 1
#define HAVE_SYS_TYPES_H 1
#define HAVE_SYS_STAT_H 1
#define HAVE_STDLIB_H 1
#define HAVE_STRING_H 1
#define HAVE_MEMORY_H 1
#define HAVE_STRINGS_H 1
#define HAVE_INTTYPES_H 1
#define HAVE_STDINT_H 1
#define HAVE_UNISTD_H 1
#define LT_OBJDIR ".libs/"
#define HAVE_ZLIB_H 1

configure: exit 1
